[0.164s] DEBUG:colcon:Command line arguments: ['/usr/bin/colcon', 'build']
[0.165s] DEBUG:colcon:Parsed command line arguments: Namespace(log_base=None, log_level=None, verb_name='build', build_base='build', install_base='install', merge_install=False, symlink_install=False, test_result_base=None, continue_on_error=False, executor='parallel', parallel_workers=28, event_handlers=None, ignore_user_meta=False, metas=['./colcon.meta'], base_paths=['.'], packages_ignore=None, packages_ignore_regex=None, paths=None, packages_up_to=None, packages_up_to_regex=None, packages_above=None, packages_above_and_dependencies=None, packages_above_depth=None, packages_select_by_dep=None, packages_skip_by_dep=None, packages_skip_up_to=None, packages_select_build_failed=False, packages_skip_build_finished=False, packages_select_test_failures=False, packages_skip_test_passed=False, packages_select=None, packages_skip=None, packages_select_regex=None, packages_skip_regex=None, packages_start=None, packages_end=None, allow_overriding=[], cmake_args=None, cmake_target=None, cmake_target_skip_unavailable=False, cmake_clean_cache=False, cmake_clean_first=False, cmake_force_configure=False, ament_cmake_args=None, catkin_cmake_args=None, catkin_skip_building_tests=False, mixin_files=None, mixin=None, verb_parser=<colcon_mixin.mixin.mixin_argument.MixinArgumentDecorator object at 0x712e9d889130>, verb_extension=<colcon_core.verb.build.BuildVerb object at 0x712e9d888e30>, main=<bound method BuildVerb.main of <colcon_core.verb.build.BuildVerb object at 0x712e9d888e30>>, mixin_verb=('build',))
[0.254s] Level 1:colcon.colcon_core.package_discovery:discover_packages(colcon_meta) check parameters
[0.254s] Level 1:colcon.colcon_core.package_discovery:discover_packages(recursive) check parameters
[0.254s] Level 1:colcon.colcon_core.package_discovery:discover_packages(ignore) check parameters
[0.254s] Level 1:colcon.colcon_core.package_discovery:discover_packages(path) check parameters
[0.254s] Level 1:colcon.colcon_core.package_discovery:discover_packages(colcon_meta) discover
[0.254s] Level 1:colcon.colcon_core.package_discovery:discover_packages(recursive) discover
[0.254s] INFO:colcon.colcon_core.package_discovery:Crawling recursively for packages in '/home/sahar/sahar_ws'
[0.255s] Level 1:colcon.colcon_core.package_identification:_identify(.) by extensions ['ignore', 'ignore_ament_install']
[0.255s] Level 1:colcon.colcon_core.package_identification:_identify(.) by extension 'ignore'
[0.255s] Level 1:colcon.colcon_core.package_identification:_identify(.) by extension 'ignore_ament_install'
[0.255s] Level 1:colcon.colcon_core.package_identification:_identify(.) by extensions ['colcon_pkg']
[0.255s] Level 1:colcon.colcon_core.package_identification:_identify(.) by extension 'colcon_pkg'
[0.255s] Level 1:colcon.colcon_core.package_identification:_identify(.) by extensions ['colcon_meta']
[0.256s] Level 1:colcon.colcon_core.package_identification:_identify(.) by extension 'colcon_meta'
[0.256s] Level 1:colcon.colcon_core.package_identification:_identify(.) by extensions ['ros']
[0.256s] Level 1:colcon.colcon_core.package_identification:_identify(.) by extension 'ros'
[0.300s] Level 1:colcon.colcon_core.package_identification:_identify(.) by extensions ['cmake', 'python']
[0.300s] Level 1:colcon.colcon_core.package_identification:_identify(.) by extension 'cmake'
[0.300s] Level 1:colcon.colcon_core.package_identification:_identify(.) by extension 'python'
[0.300s] Level 1:colcon.colcon_core.package_identification:_identify(.) by extensions ['python_setup_py']
[0.300s] Level 1:colcon.colcon_core.package_identification:_identify(.) by extension 'python_setup_py'
[0.300s] Level 1:colcon.colcon_core.package_identification:_identify(build) by extensions ['ignore', 'ignore_ament_install']
[0.301s] Level 1:colcon.colcon_core.package_identification:_identify(build) by extension 'ignore'
[0.301s] Level 1:colcon.colcon_core.package_identification:_identify(build) ignored
[0.301s] Level 1:colcon.colcon_core.package_identification:_identify(install) by extensions ['ignore', 'ignore_ament_install']
[0.301s] Level 1:colcon.colcon_core.package_identification:_identify(install) by extension 'ignore'
[0.301s] Level 1:colcon.colcon_core.package_identification:_identify(install) ignored
[0.301s] Level 1:colcon.colcon_core.package_identification:_identify(log) by extensions ['ignore', 'ignore_ament_install']
[0.301s] Level 1:colcon.colcon_core.package_identification:_identify(log) by extension 'ignore'
[0.301s] Level 1:colcon.colcon_core.package_identification:_identify(log) ignored
[0.301s] Level 1:colcon.colcon_core.package_identification:_identify(src) by extensions ['ignore', 'ignore_ament_install']
[0.302s] Level 1:colcon.colcon_core.package_identification:_identify(src) by extension 'ignore'
[0.302s] Level 1:colcon.colcon_core.package_identification:_identify(src) by extension 'ignore_ament_install'
[0.302s] Level 1:colcon.colcon_core.package_identification:_identify(src) by extensions ['colcon_pkg']
[0.302s] Level 1:colcon.colcon_core.package_identification:_identify(src) by extension 'colcon_pkg'
[0.302s] Level 1:colcon.colcon_core.package_identification:_identify(src) by extensions ['colcon_meta']
[0.302s] Level 1:colcon.colcon_core.package_identification:_identify(src) by extension 'colcon_meta'
[0.302s] Level 1:colcon.colcon_core.package_identification:_identify(src) by extensions ['ros']
[0.302s] Level 1:colcon.colcon_core.package_identification:_identify(src) by extension 'ros'
[0.302s] Level 1:colcon.colcon_core.package_identification:_identify(src) by extensions ['cmake', 'python']
[0.302s] Level 1:colcon.colcon_core.package_identification:_identify(src) by extension 'cmake'
[0.302s] Level 1:colcon.colcon_core.package_identification:_identify(src) by extension 'python'
[0.302s] Level 1:colcon.colcon_core.package_identification:_identify(src) by extensions ['python_setup_py']
[0.302s] Level 1:colcon.colcon_core.package_identification:_identify(src) by extension 'python_setup_py'
[0.302s] Level 1:colcon.colcon_core.package_identification:_identify(src/bump_and_go_fsm) by extensions ['ignore', 'ignore_ament_install']
[0.302s] Level 1:colcon.colcon_core.package_identification:_identify(src/bump_and_go_fsm) by extension 'ignore'
[0.302s] Level 1:colcon.colcon_core.package_identification:_identify(src/bump_and_go_fsm) by extension 'ignore_ament_install'
[0.302s] Level 1:colcon.colcon_core.package_identification:_identify(src/bump_and_go_fsm) by extensions ['colcon_pkg']
[0.302s] Level 1:colcon.colcon_core.package_identification:_identify(src/bump_and_go_fsm) by extension 'colcon_pkg'
[0.302s] Level 1:colcon.colcon_core.package_identification:_identify(src/bump_and_go_fsm) by extensions ['colcon_meta']
[0.302s] Level 1:colcon.colcon_core.package_identification:_identify(src/bump_and_go_fsm) by extension 'colcon_meta'
[0.302s] Level 1:colcon.colcon_core.package_identification:_identify(src/bump_and_go_fsm) by extensions ['ros']
[0.303s] Level 1:colcon.colcon_core.package_identification:_identify(src/bump_and_go_fsm) by extension 'ros'
[0.305s] DEBUG:colcon.colcon_core.package_identification:Package 'src/bump_and_go_fsm' with type 'ros.ament_cmake' and name 'bump_and_go_fsm'
[0.305s] Level 1:colcon.colcon_core.package_discovery:discover_packages(recursive) using defaults
[0.305s] Level 1:colcon.colcon_core.package_discovery:discover_packages(ignore) discover
[0.305s] Level 1:colcon.colcon_core.package_discovery:discover_packages(ignore) using defaults
[0.306s] Level 1:colcon.colcon_core.package_discovery:discover_packages(path) discover
[0.306s] Level 1:colcon.colcon_core.package_discovery:discover_packages(path) using defaults
[0.330s] Level 1:colcon.colcon_core.package_discovery:discover_packages(prefix_path) check parameters
[0.330s] Level 1:colcon.colcon_core.package_discovery:discover_packages(prefix_path) discover
[0.333s] DEBUG:colcon.colcon_installed_package_information.package_discovery:Found 1 installed packages in /home/sahar/sahar_ws/install
[0.335s] DEBUG:colcon.colcon_installed_package_information.package_discovery:Found 45 installed packages in /home/sahar/ros2_ws/install
[0.339s] DEBUG:colcon.colcon_installed_package_information.package_discovery:Found 439 installed packages in /opt/ros/jazzy
[0.342s] Level 1:colcon.colcon_core.package_discovery:discover_packages(prefix_path) using defaults
[0.420s] Level 5:colcon.colcon_core.verb:set package 'bump_and_go_fsm' build argument 'cmake_args' from command line to 'None'
[0.421s] Level 5:colcon.colcon_core.verb:set package 'bump_and_go_fsm' build argument 'cmake_target' from command line to 'None'
[0.421s] Level 5:colcon.colcon_core.verb:set package 'bump_and_go_fsm' build argument 'cmake_target_skip_unavailable' from command line to 'False'
[0.421s] Level 5:colcon.colcon_core.verb:set package 'bump_and_go_fsm' build argument 'cmake_clean_cache' from command line to 'False'
[0.421s] Level 5:colcon.colcon_core.verb:set package 'bump_and_go_fsm' build argument 'cmake_clean_first' from command line to 'False'
[0.421s] Level 5:colcon.colcon_core.verb:set package 'bump_and_go_fsm' build argument 'cmake_force_configure' from command line to 'False'
[0.421s] Level 5:colcon.colcon_core.verb:set package 'bump_and_go_fsm' build argument 'ament_cmake_args' from command line to 'None'
[0.421s] Level 5:colcon.colcon_core.verb:set package 'bump_and_go_fsm' build argument 'catkin_cmake_args' from command line to 'None'
[0.421s] Level 5:colcon.colcon_core.verb:set package 'bump_and_go_fsm' build argument 'catkin_skip_building_tests' from command line to 'False'
[0.421s] DEBUG:colcon.colcon_core.verb:Building package 'bump_and_go_fsm' with the following arguments: {'ament_cmake_args': None, 'build_base': '/home/sahar/sahar_ws/build/bump_and_go_fsm', 'catkin_cmake_args': None, 'catkin_skip_building_tests': False, 'cmake_args': None, 'cmake_clean_cache': False, 'cmake_clean_first': False, 'cmake_force_configure': False, 'cmake_target': None, 'cmake_target_skip_unavailable': False, 'install_base': '/home/sahar/sahar_ws/install/bump_and_go_fsm', 'merge_install': False, 'path': '/home/sahar/sahar_ws/src/bump_and_go_fsm', 'symlink_install': False, 'test_result_base': None}
[0.421s] INFO:colcon.colcon_core.executor:Executing jobs using 'parallel' executor
[0.422s] DEBUG:colcon.colcon_parallel_executor.executor.parallel:run_until_complete
[0.422s] INFO:colcon.colcon_ros.task.ament_cmake.build:Building ROS package in '/home/sahar/sahar_ws/src/bump_and_go_fsm' with build type 'ament_cmake'
[0.422s] INFO:colcon.colcon_cmake.task.cmake.build:Building CMake package in '/home/sahar/sahar_ws/src/bump_and_go_fsm'
[0.425s] INFO:colcon.colcon_core.plugin_system:Skipping extension 'colcon_core.shell.bat': Not used on non-Windows systems
[0.426s] INFO:colcon.colcon_core.shell:Skip shell extension 'powershell' for command environment: Not usable outside of PowerShell
[0.426s] DEBUG:colcon.colcon_core.shell:Skip shell extension 'dsv' for command environment
[0.449s] DEBUG:colcon.colcon_core.event_handler.log_command:Invoking command in '/home/sahar/sahar_ws/build/bump_and_go_fsm': CMAKE_PREFIX_PATH=${CMAKE_PREFIX_PATH}:/home/sahar/ros2_ws/install/merlin2_mission:/home/sahar/ros2_ws/install/merlin2_fsm_action:/home/sahar/ros2_ws/install/merlin2_executor:/home/sahar/ros2_ws/install/merlin2_basic_actions:/home/sahar/ros2_ws/install/waypoint_navigation:/home/sahar/ros2_ws/install/text_to_speech:/home/sahar/ros2_ws/install/speech_to_text:/home/sahar/ros2_ws/install/sound_recognition:/home/sahar/ros2_ws/install/mirte_test:/home/sahar/ros2_ws/install/merlin2_reactive_layer:/home/sahar/ros2_ws/install/merlin2_planning_layer:/home/sahar/ros2_ws/install/merlin2_mission_layer:/home/sahar/ros2_ws/install/merlin2_executive_layer:/opt/ros/jazzy DEBUGINFOD_URLS=https://debuginfod.ubuntu.com /usr/bin/cmake --build /home/sahar/sahar_ws/build/bump_and_go_fsm -- -j28 -l28
[12.048s] DEBUG:colcon.colcon_core.event_handler.log_command:Invoked command in '/home/sahar/sahar_ws/build/bump_and_go_fsm' returned '0': CMAKE_PREFIX_PATH=${CMAKE_PREFIX_PATH}:/home/sahar/ros2_ws/install/merlin2_mission:/home/sahar/ros2_ws/install/merlin2_fsm_action:/home/sahar/ros2_ws/install/merlin2_executor:/home/sahar/ros2_ws/install/merlin2_basic_actions:/home/sahar/ros2_ws/install/waypoint_navigation:/home/sahar/ros2_ws/install/text_to_speech:/home/sahar/ros2_ws/install/speech_to_text:/home/sahar/ros2_ws/install/sound_recognition:/home/sahar/ros2_ws/install/mirte_test:/home/sahar/ros2_ws/install/merlin2_reactive_layer:/home/sahar/ros2_ws/install/merlin2_planning_layer:/home/sahar/ros2_ws/install/merlin2_mission_layer:/home/sahar/ros2_ws/install/merlin2_executive_layer:/opt/ros/jazzy DEBUGINFOD_URLS=https://debuginfod.ubuntu.com /usr/bin/cmake --build /home/sahar/sahar_ws/build/bump_and_go_fsm -- -j28 -l28
[12.063s] DEBUG:colcon.colcon_core.event_handler.log_command:Invoking command in '/home/sahar/sahar_ws/build/bump_and_go_fsm': CMAKE_PREFIX_PATH=${CMAKE_PREFIX_PATH}:/home/sahar/ros2_ws/install/merlin2_mission:/home/sahar/ros2_ws/install/merlin2_fsm_action:/home/sahar/ros2_ws/install/merlin2_executor:/home/sahar/ros2_ws/install/merlin2_basic_actions:/home/sahar/ros2_ws/install/waypoint_navigation:/home/sahar/ros2_ws/install/text_to_speech:/home/sahar/ros2_ws/install/speech_to_text:/home/sahar/ros2_ws/install/sound_recognition:/home/sahar/ros2_ws/install/mirte_test:/home/sahar/ros2_ws/install/merlin2_reactive_layer:/home/sahar/ros2_ws/install/merlin2_planning_layer:/home/sahar/ros2_ws/install/merlin2_mission_layer:/home/sahar/ros2_ws/install/merlin2_executive_layer:/opt/ros/jazzy DEBUGINFOD_URLS=https://debuginfod.ubuntu.com /usr/bin/cmake --install /home/sahar/sahar_ws/build/bump_and_go_fsm
[12.084s] Level 1:colcon.colcon_core.environment:create_environment_scripts_only(bump_and_go_fsm)
[12.087s] DEBUG:colcon.colcon_core.event_handler.log_command:Invoked command in '/home/sahar/sahar_ws/build/bump_and_go_fsm' returned '0': CMAKE_PREFIX_PATH=${CMAKE_PREFIX_PATH}:/home/sahar/ros2_ws/install/merlin2_mission:/home/sahar/ros2_ws/install/merlin2_fsm_action:/home/sahar/ros2_ws/install/merlin2_executor:/home/sahar/ros2_ws/install/merlin2_basic_actions:/home/sahar/ros2_ws/install/waypoint_navigation:/home/sahar/ros2_ws/install/text_to_speech:/home/sahar/ros2_ws/install/speech_to_text:/home/sahar/ros2_ws/install/sound_recognition:/home/sahar/ros2_ws/install/mirte_test:/home/sahar/ros2_ws/install/merlin2_reactive_layer:/home/sahar/ros2_ws/install/merlin2_planning_layer:/home/sahar/ros2_ws/install/merlin2_mission_layer:/home/sahar/ros2_ws/install/merlin2_executive_layer:/opt/ros/jazzy DEBUGINFOD_URLS=https://debuginfod.ubuntu.com /usr/bin/cmake --install /home/sahar/sahar_ws/build/bump_and_go_fsm
[12.090s] Level 1:colcon.colcon_core.environment:checking '/home/sahar/sahar_ws/install/bump_and_go_fsm' for CMake module files
[12.091s] Level 1:colcon.colcon_core.environment:checking '/home/sahar/sahar_ws/install/bump_and_go_fsm' for CMake config files
[12.091s] Level 1:colcon.colcon_core.shell:create_environment_hook('bump_and_go_fsm', 'cmake_prefix_path')
[12.091s] INFO:colcon.colcon_core.shell:Creating environment hook '/home/sahar/sahar_ws/install/bump_and_go_fsm/share/bump_and_go_fsm/hook/cmake_prefix_path.ps1'
[12.092s] INFO:colcon.colcon_core.shell:Creating environment descriptor '/home/sahar/sahar_ws/install/bump_and_go_fsm/share/bump_and_go_fsm/hook/cmake_prefix_path.dsv'
[12.093s] INFO:colcon.colcon_core.shell:Creating environment hook '/home/sahar/sahar_ws/install/bump_and_go_fsm/share/bump_and_go_fsm/hook/cmake_prefix_path.sh'
[12.094s] Level 1:colcon.colcon_core.environment:checking '/home/sahar/sahar_ws/install/bump_and_go_fsm/lib'
[12.094s] Level 1:colcon.colcon_core.environment:checking '/home/sahar/sahar_ws/install/bump_and_go_fsm/bin'
[12.094s] Level 1:colcon.colcon_core.environment:checking '/home/sahar/sahar_ws/install/bump_and_go_fsm/lib/pkgconfig/bump_and_go_fsm.pc'
[12.094s] Level 1:colcon.colcon_core.environment:checking '/home/sahar/sahar_ws/install/bump_and_go_fsm/lib/python3.12/site-packages'
[12.095s] Level 1:colcon.colcon_core.environment:checking '/home/sahar/sahar_ws/install/bump_and_go_fsm/bin'
[12.095s] INFO:colcon.colcon_core.shell:Creating package script '/home/sahar/sahar_ws/install/bump_and_go_fsm/share/bump_and_go_fsm/package.ps1'
[12.097s] INFO:colcon.colcon_core.shell:Creating package descriptor '/home/sahar/sahar_ws/install/bump_and_go_fsm/share/bump_and_go_fsm/package.dsv'
[12.098s] INFO:colcon.colcon_core.shell:Creating package script '/home/sahar/sahar_ws/install/bump_and_go_fsm/share/bump_and_go_fsm/package.sh'
[12.099s] INFO:colcon.colcon_core.shell:Creating package script '/home/sahar/sahar_ws/install/bump_and_go_fsm/share/bump_and_go_fsm/package.bash'
[12.100s] INFO:colcon.colcon_core.shell:Creating package script '/home/sahar/sahar_ws/install/bump_and_go_fsm/share/bump_and_go_fsm/package.zsh'
[12.101s] Level 1:colcon.colcon_core.environment:create_file_with_runtime_dependencies(/home/sahar/sahar_ws/install/bump_and_go_fsm/share/colcon-core/packages/bump_and_go_fsm)
[12.102s] Level 1:colcon.colcon_core.environment:create_environment_scripts_only(bump_and_go_fsm)
[12.102s] Level 1:colcon.colcon_core.environment:checking '/home/sahar/sahar_ws/install/bump_and_go_fsm' for CMake module files
[12.103s] Level 1:colcon.colcon_core.environment:checking '/home/sahar/sahar_ws/install/bump_and_go_fsm' for CMake config files
[12.103s] Level 1:colcon.colcon_core.shell:create_environment_hook('bump_and_go_fsm', 'cmake_prefix_path')
[12.103s] INFO:colcon.colcon_core.shell:Creating environment hook '/home/sahar/sahar_ws/install/bump_and_go_fsm/share/bump_and_go_fsm/hook/cmake_prefix_path.ps1'
[12.104s] INFO:colcon.colcon_core.shell:Creating environment descriptor '/home/sahar/sahar_ws/install/bump_and_go_fsm/share/bump_and_go_fsm/hook/cmake_prefix_path.dsv'
[12.105s] INFO:colcon.colcon_core.shell:Creating environment hook '/home/sahar/sahar_ws/install/bump_and_go_fsm/share/bump_and_go_fsm/hook/cmake_prefix_path.sh'
[12.106s] Level 1:colcon.colcon_core.environment:checking '/home/sahar/sahar_ws/install/bump_and_go_fsm/lib'
[12.106s] Level 1:colcon.colcon_core.environment:checking '/home/sahar/sahar_ws/install/bump_and_go_fsm/bin'
[12.106s] Level 1:colcon.colcon_core.environment:checking '/home/sahar/sahar_ws/install/bump_and_go_fsm/lib/pkgconfig/bump_and_go_fsm.pc'
[12.106s] Level 1:colcon.colcon_core.environment:checking '/home/sahar/sahar_ws/install/bump_and_go_fsm/lib/python3.12/site-packages'
[12.107s] Level 1:colcon.colcon_core.environment:checking '/home/sahar/sahar_ws/install/bump_and_go_fsm/bin'
[12.107s] INFO:colcon.colcon_core.shell:Creating package script '/home/sahar/sahar_ws/install/bump_and_go_fsm/share/bump_and_go_fsm/package.ps1'
[12.108s] INFO:colcon.colcon_core.shell:Creating package descriptor '/home/sahar/sahar_ws/install/bump_and_go_fsm/share/bump_and_go_fsm/package.dsv'
[12.109s] INFO:colcon.colcon_core.shell:Creating package script '/home/sahar/sahar_ws/install/bump_and_go_fsm/share/bump_and_go_fsm/package.sh'
[12.109s] INFO:colcon.colcon_core.shell:Creating package script '/home/sahar/sahar_ws/install/bump_and_go_fsm/share/bump_and_go_fsm/package.bash'
[12.110s] INFO:colcon.colcon_core.shell:Creating package script '/home/sahar/sahar_ws/install/bump_and_go_fsm/share/bump_and_go_fsm/package.zsh'
[12.110s] Level 1:colcon.colcon_core.environment:create_file_with_runtime_dependencies(/home/sahar/sahar_ws/install/bump_and_go_fsm/share/colcon-core/packages/bump_and_go_fsm)
[12.111s] DEBUG:colcon.colcon_parallel_executor.executor.parallel:closing loop
[12.111s] DEBUG:colcon.colcon_parallel_executor.executor.parallel:loop closed
[12.111s] DEBUG:colcon.colcon_parallel_executor.executor.parallel:run_until_complete finished with '0'
[12.111s] DEBUG:colcon.colcon_core.event_reactor:joining thread
[12.142s] INFO:colcon.colcon_core.plugin_system:Skipping extension 'colcon_notification.desktop_notification.terminal_notifier': Not used on non-Darwin systems
[12.142s] INFO:colcon.colcon_core.plugin_system:Skipping extension 'colcon_notification.desktop_notification.win32': Not used on non-Windows systems
[12.142s] INFO:colcon.colcon_notification.desktop_notification:Sending desktop notification using 'notify2'
[12.173s] DEBUG:colcon.colcon_core.event_reactor:joined thread
[12.174s] INFO:colcon.colcon_core.shell:Creating prefix script '/home/sahar/sahar_ws/install/local_setup.ps1'
[12.175s] INFO:colcon.colcon_core.shell:Creating prefix util module '/home/sahar/sahar_ws/install/_local_setup_util_ps1.py'
[12.176s] INFO:colcon.colcon_core.shell:Creating prefix chain script '/home/sahar/sahar_ws/install/setup.ps1'
[12.179s] INFO:colcon.colcon_core.shell:Creating prefix script '/home/sahar/sahar_ws/install/local_setup.sh'
[12.179s] INFO:colcon.colcon_core.shell:Creating prefix util module '/home/sahar/sahar_ws/install/_local_setup_util_sh.py'
[12.180s] INFO:colcon.colcon_core.shell:Creating prefix chain script '/home/sahar/sahar_ws/install/setup.sh'
[12.182s] INFO:colcon.colcon_core.shell:Creating prefix script '/home/sahar/sahar_ws/install/local_setup.bash'
[12.183s] INFO:colcon.colcon_core.shell:Creating prefix chain script '/home/sahar/sahar_ws/install/setup.bash'
[12.185s] INFO:colcon.colcon_core.shell:Creating prefix script '/home/sahar/sahar_ws/install/local_setup.zsh'
[12.185s] INFO:colcon.colcon_core.shell:Creating prefix chain script '/home/sahar/sahar_ws/install/setup.zsh'
