[0.026s] Invoking command in '/home/sahar/sahar_ws/build/bump_and_go_fsm': CMAKE_PREFIX_PATH=${CMAKE_PREFIX_PATH}:/home/sahar/ros2_ws/install/merlin2_mission:/home/sahar/ros2_ws/install/merlin2_fsm_action:/home/sahar/ros2_ws/install/merlin2_executor:/home/sahar/ros2_ws/install/merlin2_basic_actions:/home/sahar/ros2_ws/install/waypoint_navigation:/home/sahar/ros2_ws/install/text_to_speech:/home/sahar/ros2_ws/install/speech_to_text:/home/sahar/ros2_ws/install/sound_recognition:/home/sahar/ros2_ws/install/mirte_test:/home/sahar/ros2_ws/install/merlin2_reactive_layer:/home/sahar/ros2_ws/install/merlin2_planning_layer:/home/sahar/ros2_ws/install/merlin2_mission_layer:/home/sahar/ros2_ws/install/merlin2_executive_layer:/opt/ros/jazzy DEBUGINFOD_URLS=https://debuginfod.ubuntu.com /usr/bin/cmake --build /home/sahar/sahar_ws/build/bump_and_go_fsm -- -j28 -l28
[0.125s] [ 50%] [32mBuilding CXX object CMakeFiles/bump_and_go_node.dir/src/bump_and_go_node.cpp.o[0m
[3.060s] [01m[K/home/sahar/sahar_ws/src/bump_and_go_fsm/src/bump_and_go_node.cpp:[m[K In member function ‘[01m[Kbool BumpAndGoFSM::[01;32m[Kobstacle_detected[m[K(sensor_msgs::msg::LaserScan_<std::allocator<void> >::SharedPtr)[m[K’:
[3.060s] [01m[K/home/sahar/sahar_ws/src/bump_and_go_fsm/src/bump_and_go_node.cpp:120:41:[m[K [01;35m[Kwarning: [m[Kcomparison of integer expressions of different signedness: ‘[01m[Ksize_t[m[K’ {aka ‘[01m[Klong unsigned int[m[K’} and ‘[01m[Kint[m[K’ [[01;35m[K]8;;https://gcc.gnu.org/onlinedocs/gcc/Warning-Options.html#index-Wsign-compare-Wsign-compare]8;;[m[K]
[3.060s]   120 |         for (size_t i = center_range; [01;35m[Ki < center_range * 2[m[K; ++i)  // Check front 1/3 of scan
[3.060s]       |                                       [01;35m[K~~^~~~~~~~~~~~~~~~~~[m[K
[11.189s] [100%] [32m[1mLinking CXX executable bump_and_go_node[0m
[11.602s] [100%] Built target bump_and_go_node
[11.625s] Invoked command in '/home/sahar/sahar_ws/build/bump_and_go_fsm' returned '0': CMAKE_PREFIX_PATH=${CMAKE_PREFIX_PATH}:/home/sahar/ros2_ws/install/merlin2_mission:/home/sahar/ros2_ws/install/merlin2_fsm_action:/home/sahar/ros2_ws/install/merlin2_executor:/home/sahar/ros2_ws/install/merlin2_basic_actions:/home/sahar/ros2_ws/install/waypoint_navigation:/home/sahar/ros2_ws/install/text_to_speech:/home/sahar/ros2_ws/install/speech_to_text:/home/sahar/ros2_ws/install/sound_recognition:/home/sahar/ros2_ws/install/mirte_test:/home/sahar/ros2_ws/install/merlin2_reactive_layer:/home/sahar/ros2_ws/install/merlin2_planning_layer:/home/sahar/ros2_ws/install/merlin2_mission_layer:/home/sahar/ros2_ws/install/merlin2_executive_layer:/opt/ros/jazzy DEBUGINFOD_URLS=https://debuginfod.ubuntu.com /usr/bin/cmake --build /home/sahar/sahar_ws/build/bump_and_go_fsm -- -j28 -l28
[11.640s] Invoking command in '/home/sahar/sahar_ws/build/bump_and_go_fsm': CMAKE_PREFIX_PATH=${CMAKE_PREFIX_PATH}:/home/sahar/ros2_ws/install/merlin2_mission:/home/sahar/ros2_ws/install/merlin2_fsm_action:/home/sahar/ros2_ws/install/merlin2_executor:/home/sahar/ros2_ws/install/merlin2_basic_actions:/home/sahar/ros2_ws/install/waypoint_navigation:/home/sahar/ros2_ws/install/text_to_speech:/home/sahar/ros2_ws/install/speech_to_text:/home/sahar/ros2_ws/install/sound_recognition:/home/sahar/ros2_ws/install/mirte_test:/home/sahar/ros2_ws/install/merlin2_reactive_layer:/home/sahar/ros2_ws/install/merlin2_planning_layer:/home/sahar/ros2_ws/install/merlin2_mission_layer:/home/sahar/ros2_ws/install/merlin2_executive_layer:/opt/ros/jazzy DEBUGINFOD_URLS=https://debuginfod.ubuntu.com /usr/bin/cmake --install /home/sahar/sahar_ws/build/bump_and_go_fsm
[11.653s] -- Install configuration: ""
[11.653s] -- Installing: /home/sahar/sahar_ws/install/bump_and_go_fsm/lib/bump_and_go_fsm/bump_and_go_node
[11.658s] -- Set non-toolchain portion of runtime path of "/home/sahar/sahar_ws/install/bump_and_go_fsm/lib/bump_and_go_fsm/bump_and_go_node" to ""
[11.658s] -- Up-to-date: /home/sahar/sahar_ws/install/bump_and_go_fsm/share/ament_index/resource_index/package_run_dependencies/bump_and_go_fsm
[11.659s] -- Up-to-date: /home/sahar/sahar_ws/install/bump_and_go_fsm/share/ament_index/resource_index/parent_prefix_path/bump_and_go_fsm
[11.659s] -- Up-to-date: /home/sahar/sahar_ws/install/bump_and_go_fsm/share/bump_and_go_fsm/environment/ament_prefix_path.sh
[11.659s] -- Up-to-date: /home/sahar/sahar_ws/install/bump_and_go_fsm/share/bump_and_go_fsm/environment/ament_prefix_path.dsv
[11.659s] -- Up-to-date: /home/sahar/sahar_ws/install/bump_and_go_fsm/share/bump_and_go_fsm/environment/path.sh
[11.659s] -- Up-to-date: /home/sahar/sahar_ws/install/bump_and_go_fsm/share/bump_and_go_fsm/environment/path.dsv
[11.659s] -- Up-to-date: /home/sahar/sahar_ws/install/bump_and_go_fsm/share/bump_and_go_fsm/local_setup.bash
[11.659s] -- Up-to-date: /home/sahar/sahar_ws/install/bump_and_go_fsm/share/bump_and_go_fsm/local_setup.sh
[11.659s] -- Up-to-date: /home/sahar/sahar_ws/install/bump_and_go_fsm/share/bump_and_go_fsm/local_setup.zsh
[11.659s] -- Up-to-date: /home/sahar/sahar_ws/install/bump_and_go_fsm/share/bump_and_go_fsm/local_setup.dsv
[11.659s] -- Installing: /home/sahar/sahar_ws/install/bump_and_go_fsm/share/bump_and_go_fsm/package.dsv
[11.659s] -- Up-to-date: /home/sahar/sahar_ws/install/bump_and_go_fsm/share/ament_index/resource_index/packages/bump_and_go_fsm
[11.660s] -- Up-to-date: /home/sahar/sahar_ws/install/bump_and_go_fsm/share/bump_and_go_fsm/cmake/bump_and_go_fsmConfig.cmake
[11.660s] -- Up-to-date: /home/sahar/sahar_ws/install/bump_and_go_fsm/share/bump_and_go_fsm/cmake/bump_and_go_fsmConfig-version.cmake
[11.660s] -- Up-to-date: /home/sahar/sahar_ws/install/bump_and_go_fsm/share/bump_and_go_fsm/package.xml
[11.664s] Invoked command in '/home/sahar/sahar_ws/build/bump_and_go_fsm' returned '0': CMAKE_PREFIX_PATH=${CMAKE_PREFIX_PATH}:/home/sahar/ros2_ws/install/merlin2_mission:/home/sahar/ros2_ws/install/merlin2_fsm_action:/home/sahar/ros2_ws/install/merlin2_executor:/home/sahar/ros2_ws/install/merlin2_basic_actions:/home/sahar/ros2_ws/install/waypoint_navigation:/home/sahar/ros2_ws/install/text_to_speech:/home/sahar/ros2_ws/install/speech_to_text:/home/sahar/ros2_ws/install/sound_recognition:/home/sahar/ros2_ws/install/mirte_test:/home/sahar/ros2_ws/install/merlin2_reactive_layer:/home/sahar/ros2_ws/install/merlin2_planning_layer:/home/sahar/ros2_ws/install/merlin2_mission_layer:/home/sahar/ros2_ws/install/merlin2_executive_layer:/opt/ros/jazzy DEBUGINFOD_URLS=https://debuginfod.ubuntu.com /usr/bin/cmake --install /home/sahar/sahar_ws/build/bump_and_go_fsm
