-- The C compiler identification is GNU 13.3.0
-- The CXX compiler identification is GNU 13.3.0
-- Detecting C compiler ABI info
-- Detecting C compiler ABI info - done
-- Check for working C compiler: /usr/bin/cc - skipped
-- Detecting C compile features
-- Detecting C compile features - done
-- Detecting CXX compiler ABI info
-- Detecting CXX compiler ABI info - done
-- Check for working CXX compiler: /usr/bin/c++ - skipped
-- Detecting CXX compile features
-- Detecting CXX compile features - done
-- Found ament_cmake: 2.5.2 (/opt/ros/jazzy/share/ament_cmake/cmake)
-- Found Python3: /usr/bin/python3 (found version "3.12.3") found components: Interpreter 
-- Found rclcpp: 28.1.5 (/opt/ros/jazzy/share/rclcpp/cmake)
-- Found rosidl_generator_c: 4.6.4 (/opt/ros/jazzy/share/rosidl_generator_c/cmake)
-- Found rosidl_generator_cpp: 4.6.4 (/opt/ros/jazzy/share/rosidl_generator_cpp/cmake)
-- Using all available rosidl_typesupport_c: rosidl_typesupport_fastrtps_c;rosidl_typesupport_introspection_c
-- Using all available rosidl_typesupport_cpp: rosidl_typesupport_fastrtps_cpp;rosidl_typesupport_introspection_cpp
-- Found rmw_implementation_cmake: 7.3.1 (/opt/ros/jazzy/share/rmw_implementation_cmake/cmake)
-- Found rmw_fastrtps_cpp: 8.4.1 (/opt/ros/jazzy/share/rmw_fastrtps_cpp/cmake)
-- Found OpenSSL: /usr/lib/x86_64-linux-gnu/libcrypto.so (found version "3.0.13")  
-- Found FastRTPS: /opt/ros/jazzy/include (Required is at least version "2.13") 
-- Using RMW implementation 'rmw_fastrtps_cpp' as default
-- Found geometry_msgs: 5.3.5 (/opt/ros/jazzy/share/geometry_msgs/cmake)
-- Found sensor_msgs: 5.3.5 (/opt/ros/jazzy/share/sensor_msgs/cmake)
-- Found ament_lint_auto: 0.17.1 (/opt/ros/jazzy/share/ament_lint_auto/cmake)
-- Added test 'cppcheck' to perform static code analysis on C / C++ code
-- Configured cppcheck include dirs: 
-- Configured cppcheck exclude dirs and/or files: 
-- Added test 'lint_cmake' to check CMake code style
-- Added test 'uncrustify' to check C / C++ code style
-- Configured uncrustify additional arguments: 
-- Added test 'xmllint' to check XML markup files
-- Configuring done (1.3s)
-- Generating done (0.0s)
-- Build files have been written to: /home/sahar/sahar_ws/build/bump_and_go_fsm
[ 50%] [32mBuilding CXX object CMakeFiles/bump_and_go_node.dir/src/bump_and_go_node.cpp.o[0m
[100%] [32m[1mLinking CXX executable bump_and_go_node[0m
[100%] Built target bump_and_go_node
-- Install configuration: ""
-- Installing: /home/sahar/sahar_ws/install/bump_and_go_fsm/lib/bump_and_go_fsm/bump_and_go_node
-- Set non-toolchain portion of runtime path of "/home/sahar/sahar_ws/install/bump_and_go_fsm/lib/bump_and_go_fsm/bump_and_go_node" to ""
-- Installing: /home/sahar/sahar_ws/install/bump_and_go_fsm/share/ament_index/resource_index/package_run_dependencies/bump_and_go_fsm
-- Installing: /home/sahar/sahar_ws/install/bump_and_go_fsm/share/ament_index/resource_index/parent_prefix_path/bump_and_go_fsm
-- Installing: /home/sahar/sahar_ws/install/bump_and_go_fsm/share/bump_and_go_fsm/environment/ament_prefix_path.sh
-- Installing: /home/sahar/sahar_ws/install/bump_and_go_fsm/share/bump_and_go_fsm/environment/ament_prefix_path.dsv
-- Installing: /home/sahar/sahar_ws/install/bump_and_go_fsm/share/bump_and_go_fsm/environment/path.sh
-- Installing: /home/sahar/sahar_ws/install/bump_and_go_fsm/share/bump_and_go_fsm/environment/path.dsv
-- Installing: /home/sahar/sahar_ws/install/bump_and_go_fsm/share/bump_and_go_fsm/local_setup.bash
-- Installing: /home/sahar/sahar_ws/install/bump_and_go_fsm/share/bump_and_go_fsm/local_setup.sh
-- Installing: /home/sahar/sahar_ws/install/bump_and_go_fsm/share/bump_and_go_fsm/local_setup.zsh
-- Installing: /home/sahar/sahar_ws/install/bump_and_go_fsm/share/bump_and_go_fsm/local_setup.dsv
-- Installing: /home/sahar/sahar_ws/install/bump_and_go_fsm/share/bump_and_go_fsm/package.dsv
-- Installing: /home/sahar/sahar_ws/install/bump_and_go_fsm/share/ament_index/resource_index/packages/bump_and_go_fsm
-- Installing: /home/sahar/sahar_ws/install/bump_and_go_fsm/share/bump_and_go_fsm/cmake/bump_and_go_fsmConfig.cmake
-- Installing: /home/sahar/sahar_ws/install/bump_and_go_fsm/share/bump_and_go_fsm/cmake/bump_and_go_fsmConfig-version.cmake
-- Installing: /home/sahar/sahar_ws/install/bump_and_go_fsm/share/bump_and_go_fsm/package.xml
